2025-02-26 10:14:12,481 INFO [dump] md5 changed, save to disk cache ,groupKey=Lock2-param-flow-rules+DEFAULT_GROUP+sentinel, newMd5=c7ee6cafdf98dbf7bc13fbbf3129f3f7,oldMd5=

2025-02-26 10:14:12,481 INFO [dump] md5 changed, save to disk cache ,groupKey=Lock2-authority-rules+DEFAULT_GROUP+sentinel, newMd5=a688fadb38ea83538fd4d5408dd354b6,oldMd5=

2025-02-26 10:14:12,481 INFO [dump] md5 changed, save to disk cache ,groupKey=Lock2-system-rules+DEFAULT_GROUP+sentinel, newMd5=45dde227bd6d2be7d0eb2301da398b4f,oldMd5=

2025-02-26 10:14:12,481 INFO [dump] md5 changed, save to disk cache ,groupKey=Lock2-flow-rules+DEFAULT_GROUP+sentinel, newMd5=d2de00e5db3c4d5b60595a8dbe3983bd,oldMd5=

2025-02-26 10:14:12,481 INFO [dump] md5 changed, save to disk cache ,groupKey=Lock2-degrade-rules+DEFAULT_GROUP+sentinel, newMd5=e198a75a4ea879e4a598ce2b4cc4dc9f,oldMd5=

2025-02-26 10:14:12,484 INFO [dump] md5 changed, update md5 and timestamp in jvm cache ,groupKey=Lock2-degrade-rules+DEFAULT_GROUP+sentinel, newMd5=e198a75a4ea879e4a598ce2b4cc4dc9f,oldMd5=,lastModifiedTs=1740481312000

2025-02-26 10:14:12,484 INFO [dump] md5 changed, update md5 and timestamp in jvm cache ,groupKey=Lock2-param-flow-rules+DEFAULT_GROUP+sentinel, newMd5=c7ee6cafdf98dbf7bc13fbbf3129f3f7,oldMd5=,lastModifiedTs=1740481205000

2025-02-26 10:14:12,484 INFO [dump] md5 changed, update md5 and timestamp in jvm cache ,groupKey=Lock2-system-rules+DEFAULT_GROUP+sentinel, newMd5=45dde227bd6d2be7d0eb2301da398b4f,oldMd5=,lastModifiedTs=1740479980000

2025-02-26 10:14:12,484 INFO [dump] md5 changed, update md5 and timestamp in jvm cache ,groupKey=Lock2-flow-rules+DEFAULT_GROUP+sentinel, newMd5=d2de00e5db3c4d5b60595a8dbe3983bd,oldMd5=,lastModifiedTs=1740481346000

2025-02-26 10:14:12,485 INFO [dump] md5 changed, update md5 and timestamp in jvm cache ,groupKey=Lock2-authority-rules+DEFAULT_GROUP+sentinel, newMd5=a688fadb38ea83538fd4d5408dd354b6,oldMd5=,lastModifiedTs=1740479957000

2025-02-26 10:14:12,485 INFO [dump-all-ok] Lock2-authority-rules+DEFAULT_GROUP, 1740479957000, length=65,md5UTF8=a688fadb38ea83538fd4d5408dd354b6

2025-02-26 10:14:12,485 INFO [dump-all-ok] Lock2-degrade-rules+DEFAULT_GROUP, 1740481312000, length=512,md5UTF8=e198a75a4ea879e4a598ce2b4cc4dc9f

2025-02-26 10:14:12,485 INFO [dump-all-ok] Lock2-param-flow-rules+DEFAULT_GROUP, 1740481205000, length=959,md5UTF8=c7ee6cafdf98dbf7bc13fbbf3129f3f7

2025-02-26 10:14:12,485 INFO [dump-all-ok] Lock2-system-rules+DEFAULT_GROUP, 1740479980000, length=101,md5UTF8=45dde227bd6d2be7d0eb2301da398b4f

2025-02-26 10:14:12,485 INFO [dump-all-ok] Lock2-flow-rules+DEFAULT_GROUP, 1740481346000, length=2418,md5UTF8=d2de00e5db3c4d5b60595a8dbe3983bd

2025-02-26 10:20:59,863 INFO [dump] add formal task. groupKey=Lock2-degrade-rules+DEFAULT_GROUP+sentinel

2025-02-26 10:20:59,870 INFO [dump] process formal task. groupKey=Lock2-degrade-rules+DEFAULT_GROUP+sentinel

2025-02-26 10:20:59,871 INFO [dump] md5 changed, save to disk cache ,groupKey=Lock2-degrade-rules+DEFAULT_GROUP+sentinel, newMd5=9de6c2e28a94ea6e6f525de2d1c182fa,oldMd5=e198a75a4ea879e4a598ce2b4cc4dc9f

2025-02-26 10:20:59,871 INFO [dump] md5 changed, update md5 and timestamp in jvm cache ,groupKey=Lock2-degrade-rules+DEFAULT_GROUP+sentinel, newMd5=9de6c2e28a94ea6e6f525de2d1c182fa,oldMd5=e198a75a4ea879e4a598ce2b4cc4dc9f,lastModifiedTs=1740536460000

2025-02-26 10:47:30,230 INFO [dump] add formal task. groupKey=Lock2-flow-rules+DEFAULT_GROUP+sentinel

2025-02-26 10:47:30,242 INFO [dump] process formal task. groupKey=Lock2-flow-rules+DEFAULT_GROUP+sentinel

2025-02-26 10:47:30,244 INFO [dump] md5 changed, save to disk cache ,groupKey=Lock2-flow-rules+DEFAULT_GROUP+sentinel, newMd5=3a71997fe18dfb169fa4db1246243e50,oldMd5=d2de00e5db3c4d5b60595a8dbe3983bd

2025-02-26 10:47:30,245 INFO [dump] md5 changed, update md5 and timestamp in jvm cache ,groupKey=Lock2-flow-rules+DEFAULT_GROUP+sentinel, newMd5=3a71997fe18dfb169fa4db1246243e50,oldMd5=d2de00e5db3c4d5b60595a8dbe3983bd,lastModifiedTs=1740538050000

2025-02-26 10:48:05,412 INFO [dump] add formal task. groupKey=Lock2-flow-rules+DEFAULT_GROUP+sentinel

2025-02-26 10:48:05,509 INFO [dump] process formal task. groupKey=Lock2-flow-rules+DEFAULT_GROUP+sentinel

2025-02-26 10:48:05,511 WARN [dump-ignore] ignore to save to disk cache. md5 consistent,groupKey=Lock2-flow-rules+DEFAULT_GROUP+sentinel, md5=3a71997fe18dfb169fa4db1246243e50

2025-02-26 10:48:05,511 INFO [dump] md5 consistent ,timestamp changed, update timestamp only in jvm cache ,groupKey=Lock2-flow-rules+DEFAULT_GROUP+sentinel,lastModifiedTs=1740538085000

2025-02-26 10:48:36,251 INFO [dump] add formal task. groupKey=Lock2-flow-rules+DEFAULT_GROUP+sentinel

2025-02-26 10:48:36,345 INFO [dump] process formal task. groupKey=Lock2-flow-rules+DEFAULT_GROUP+sentinel

2025-02-26 10:48:36,347 INFO [dump] md5 changed, save to disk cache ,groupKey=Lock2-flow-rules+DEFAULT_GROUP+sentinel, newMd5=631a2035015e658e89c7787676f4c376,oldMd5=3a71997fe18dfb169fa4db1246243e50

2025-02-26 10:48:36,348 INFO [dump] md5 changed, update md5 and timestamp in jvm cache ,groupKey=Lock2-flow-rules+DEFAULT_GROUP+sentinel, newMd5=631a2035015e658e89c7787676f4c376,oldMd5=3a71997fe18dfb169fa4db1246243e50,lastModifiedTs=1740538116000

2025-02-26 10:49:05,123 INFO [dump] add formal task. groupKey=Lock2-flow-rules+DEFAULT_GROUP+sentinel

2025-02-26 10:49:05,176 INFO [dump] process formal task. groupKey=Lock2-flow-rules+DEFAULT_GROUP+sentinel

2025-02-26 10:49:05,178 INFO [dump] md5 changed, save to disk cache ,groupKey=Lock2-flow-rules+DEFAULT_GROUP+sentinel, newMd5=e7b53865323e62dc88c7fe569c858e83,oldMd5=631a2035015e658e89c7787676f4c376

2025-02-26 10:49:05,179 INFO [dump] md5 changed, update md5 and timestamp in jvm cache ,groupKey=Lock2-flow-rules+DEFAULT_GROUP+sentinel, newMd5=e7b53865323e62dc88c7fe569c858e83,oldMd5=631a2035015e658e89c7787676f4c376,lastModifiedTs=1740538145000

2025-02-26 10:50:01,310 INFO [dump] add formal task. groupKey=Lock2-flow-rules+DEFAULT_GROUP+sentinel

2025-02-26 10:50:01,355 INFO [dump] process formal task. groupKey=Lock2-flow-rules+DEFAULT_GROUP+sentinel

2025-02-26 10:50:01,358 INFO [dump] md5 changed, save to disk cache ,groupKey=Lock2-flow-rules+DEFAULT_GROUP+sentinel, newMd5=33d2447ea02b3fcf00cb58b9b828f8ae,oldMd5=e7b53865323e62dc88c7fe569c858e83

2025-02-26 10:50:01,359 INFO [dump] md5 changed, update md5 and timestamp in jvm cache ,groupKey=Lock2-flow-rules+DEFAULT_GROUP+sentinel, newMd5=33d2447ea02b3fcf00cb58b9b828f8ae,oldMd5=e7b53865323e62dc88c7fe569c858e83,lastModifiedTs=1740538201000

2025-02-26 10:52:06,560 INFO [dump] add formal task. groupKey=Lock2-flow-rules+DEFAULT_GROUP+sentinel

2025-02-26 10:52:06,585 INFO [dump] process formal task. groupKey=Lock2-flow-rules+DEFAULT_GROUP+sentinel

2025-02-26 10:52:06,587 INFO [dump] md5 changed, save to disk cache ,groupKey=Lock2-flow-rules+DEFAULT_GROUP+sentinel, newMd5=41472e3db6656a5830e63a43ba2a5297,oldMd5=33d2447ea02b3fcf00cb58b9b828f8ae

2025-02-26 10:52:06,589 INFO [dump] md5 changed, update md5 and timestamp in jvm cache ,groupKey=Lock2-flow-rules+DEFAULT_GROUP+sentinel, newMd5=41472e3db6656a5830e63a43ba2a5297,oldMd5=33d2447ea02b3fcf00cb58b9b828f8ae,lastModifiedTs=1740538327000

2025-02-26 10:55:18,726 INFO [dump] add formal task. groupKey=Lock2-param-flow-rules+DEFAULT_GROUP+sentinel

2025-02-26 10:55:18,803 INFO [dump] process formal task. groupKey=Lock2-param-flow-rules+DEFAULT_GROUP+sentinel

2025-02-26 10:55:18,804 INFO [dump] md5 changed, save to disk cache ,groupKey=Lock2-param-flow-rules+DEFAULT_GROUP+sentinel, newMd5=138fbc6f39cc15888760d37a0b0295a9,oldMd5=c7ee6cafdf98dbf7bc13fbbf3129f3f7

2025-02-26 10:55:18,805 INFO [dump] md5 changed, update md5 and timestamp in jvm cache ,groupKey=Lock2-param-flow-rules+DEFAULT_GROUP+sentinel, newMd5=138fbc6f39cc15888760d37a0b0295a9,oldMd5=c7ee6cafdf98dbf7bc13fbbf3129f3f7,lastModifiedTs=1740538519000

2025-02-26 10:55:37,016 INFO [dump] add formal task. groupKey=Lock2-param-flow-rules+DEFAULT_GROUP+sentinel

2025-02-26 10:55:37,021 INFO [dump] process formal task. groupKey=Lock2-param-flow-rules+DEFAULT_GROUP+sentinel

2025-02-26 10:55:37,022 INFO [dump] md5 changed, save to disk cache ,groupKey=Lock2-param-flow-rules+DEFAULT_GROUP+sentinel, newMd5=583cc540a0f3a2e9ff2299870f77b314,oldMd5=138fbc6f39cc15888760d37a0b0295a9

2025-02-26 10:55:37,024 INFO [dump] md5 changed, update md5 and timestamp in jvm cache ,groupKey=Lock2-param-flow-rules+DEFAULT_GROUP+sentinel, newMd5=583cc540a0f3a2e9ff2299870f77b314,oldMd5=138fbc6f39cc15888760d37a0b0295a9,lastModifiedTs=1740538537000

2025-02-26 10:57:16,203 INFO [dump] add formal task. groupKey=Lock2-param-flow-rules+DEFAULT_GROUP+sentinel

2025-02-26 10:57:16,248 INFO [dump] process formal task. groupKey=Lock2-param-flow-rules+DEFAULT_GROUP+sentinel

2025-02-26 10:57:16,249 INFO [dump] md5 changed, save to disk cache ,groupKey=Lock2-param-flow-rules+DEFAULT_GROUP+sentinel, newMd5=ca49797cdd3d80fe2bd4f1d4ddc2eaa4,oldMd5=583cc540a0f3a2e9ff2299870f77b314

2025-02-26 10:57:16,250 INFO [dump] md5 changed, update md5 and timestamp in jvm cache ,groupKey=Lock2-param-flow-rules+DEFAULT_GROUP+sentinel, newMd5=ca49797cdd3d80fe2bd4f1d4ddc2eaa4,oldMd5=583cc540a0f3a2e9ff2299870f77b314,lastModifiedTs=1740538636000

2025-02-26 10:58:11,959 INFO [dump] add formal task. groupKey=Lock2-param-flow-rules+DEFAULT_GROUP+sentinel

2025-02-26 10:58:12,046 INFO [dump] process formal task. groupKey=Lock2-param-flow-rules+DEFAULT_GROUP+sentinel

2025-02-26 10:58:12,047 INFO [dump] md5 changed, save to disk cache ,groupKey=Lock2-param-flow-rules+DEFAULT_GROUP+sentinel, newMd5=0b91642ce84d29f9f7e2fe19e47c76b7,oldMd5=ca49797cdd3d80fe2bd4f1d4ddc2eaa4

2025-02-26 10:58:12,048 INFO [dump] md5 changed, update md5 and timestamp in jvm cache ,groupKey=Lock2-param-flow-rules+DEFAULT_GROUP+sentinel, newMd5=0b91642ce84d29f9f7e2fe19e47c76b7,oldMd5=ca49797cdd3d80fe2bd4f1d4ddc2eaa4,lastModifiedTs=1740538692000

2025-02-26 11:02:56,534 INFO [dump] add formal task. groupKey=Lock2-flow-rules+DEFAULT_GROUP+sentinel

2025-02-26 11:02:56,576 INFO [dump] process formal task. groupKey=Lock2-flow-rules+DEFAULT_GROUP+sentinel

2025-02-26 11:02:56,577 INFO [dump] md5 changed, save to disk cache ,groupKey=Lock2-flow-rules+DEFAULT_GROUP+sentinel, newMd5=4ce27258bd813e4f69eebbf8e668b468,oldMd5=41472e3db6656a5830e63a43ba2a5297

2025-02-26 11:02:56,578 INFO [dump] md5 changed, update md5 and timestamp in jvm cache ,groupKey=Lock2-flow-rules+DEFAULT_GROUP+sentinel, newMd5=4ce27258bd813e4f69eebbf8e668b468,oldMd5=41472e3db6656a5830e63a43ba2a5297,lastModifiedTs=1740538977000

2025-02-26 11:03:01,184 INFO [dump] add formal task. groupKey=Lock2-flow-rules+DEFAULT_GROUP+sentinel

2025-02-26 11:03:01,239 INFO [dump] process formal task. groupKey=Lock2-flow-rules+DEFAULT_GROUP+sentinel

2025-02-26 11:03:01,240 INFO [dump] md5 changed, save to disk cache ,groupKey=Lock2-flow-rules+DEFAULT_GROUP+sentinel, newMd5=cf16c51c1fad14bcb324818914b260da,oldMd5=4ce27258bd813e4f69eebbf8e668b468

2025-02-26 11:03:01,242 INFO [dump] md5 changed, update md5 and timestamp in jvm cache ,groupKey=Lock2-flow-rules+DEFAULT_GROUP+sentinel, newMd5=cf16c51c1fad14bcb324818914b260da,oldMd5=4ce27258bd813e4f69eebbf8e668b468,lastModifiedTs=1740538981000

2025-02-26 11:13:08,744 INFO [dump] add formal task. groupKey=Lock2-flow-rules+DEFAULT_GROUP+sentinel

2025-02-26 11:13:08,812 INFO [dump] process formal task. groupKey=Lock2-flow-rules+DEFAULT_GROUP+sentinel

2025-02-26 11:13:08,813 INFO [dump] md5 changed, save to disk cache ,groupKey=Lock2-flow-rules+DEFAULT_GROUP+sentinel, newMd5=0b173fe7c9eb7294a662b10f597a779b,oldMd5=cf16c51c1fad14bcb324818914b260da

2025-02-26 11:13:08,817 INFO [dump] md5 changed, update md5 and timestamp in jvm cache ,groupKey=Lock2-flow-rules+DEFAULT_GROUP+sentinel, newMd5=0b173fe7c9eb7294a662b10f597a779b,oldMd5=cf16c51c1fad14bcb324818914b260da,lastModifiedTs=1740539589000

2025-02-26 11:13:41,909 INFO [dump] add formal task. groupKey=Lock2-flow-rules+DEFAULT_GROUP+sentinel

2025-02-26 11:13:41,966 INFO [dump] process formal task. groupKey=Lock2-flow-rules+DEFAULT_GROUP+sentinel

2025-02-26 11:13:41,967 INFO [dump] md5 changed, save to disk cache ,groupKey=Lock2-flow-rules+DEFAULT_GROUP+sentinel, newMd5=76b60b145d5f77bdfbc448b4ab5030d5,oldMd5=0b173fe7c9eb7294a662b10f597a779b

2025-02-26 11:13:41,968 INFO [dump] md5 changed, update md5 and timestamp in jvm cache ,groupKey=Lock2-flow-rules+DEFAULT_GROUP+sentinel, newMd5=76b60b145d5f77bdfbc448b4ab5030d5,oldMd5=0b173fe7c9eb7294a662b10f597a779b,lastModifiedTs=1740539622000

2025-02-26 11:16:25,799 INFO [dump] add formal task. groupKey=Lock2-flow-rules+DEFAULT_GROUP+sentinel

2025-02-26 11:16:25,870 INFO [dump] process formal task. groupKey=Lock2-flow-rules+DEFAULT_GROUP+sentinel

2025-02-26 11:16:25,871 INFO [dump] md5 changed, save to disk cache ,groupKey=Lock2-flow-rules+DEFAULT_GROUP+sentinel, newMd5=acc2cc07540a2b3897af8dc3598a26f8,oldMd5=76b60b145d5f77bdfbc448b4ab5030d5

2025-02-26 11:16:25,873 INFO [dump] md5 changed, update md5 and timestamp in jvm cache ,groupKey=Lock2-flow-rules+DEFAULT_GROUP+sentinel, newMd5=acc2cc07540a2b3897af8dc3598a26f8,oldMd5=76b60b145d5f77bdfbc448b4ab5030d5,lastModifiedTs=1740539786000

2025-02-26 11:17:46,749 INFO [dump] add formal task. groupKey=Lock2-flow-rules+DEFAULT_GROUP+sentinel

2025-02-26 11:17:46,844 INFO [dump] process formal task. groupKey=Lock2-flow-rules+DEFAULT_GROUP+sentinel

2025-02-26 11:17:46,845 INFO [dump] md5 changed, save to disk cache ,groupKey=Lock2-flow-rules+DEFAULT_GROUP+sentinel, newMd5=5aa944b03d3a9402a2f06aac8a1db692,oldMd5=acc2cc07540a2b3897af8dc3598a26f8

2025-02-26 11:17:46,846 INFO [dump] md5 changed, update md5 and timestamp in jvm cache ,groupKey=Lock2-flow-rules+DEFAULT_GROUP+sentinel, newMd5=5aa944b03d3a9402a2f06aac8a1db692,oldMd5=acc2cc07540a2b3897af8dc3598a26f8,lastModifiedTs=1740539867000

2025-02-26 11:18:24,400 INFO [dump] add formal task. groupKey=Lock2-flow-rules+DEFAULT_GROUP+sentinel

2025-02-26 11:18:24,436 INFO [dump] process formal task. groupKey=Lock2-flow-rules+DEFAULT_GROUP+sentinel

2025-02-26 11:18:24,438 INFO [dump] md5 changed, save to disk cache ,groupKey=Lock2-flow-rules+DEFAULT_GROUP+sentinel, newMd5=14b2d05be1267d48346a7bff2f1d62d1,oldMd5=5aa944b03d3a9402a2f06aac8a1db692

2025-02-26 11:18:24,439 INFO [dump] md5 changed, update md5 and timestamp in jvm cache ,groupKey=Lock2-flow-rules+DEFAULT_GROUP+sentinel, newMd5=14b2d05be1267d48346a7bff2f1d62d1,oldMd5=5aa944b03d3a9402a2f06aac8a1db692,lastModifiedTs=1740539904000

2025-02-26 11:19:40,754 INFO [dump] add formal task. groupKey=Lock2-flow-rules+DEFAULT_GROUP+sentinel

2025-02-26 11:19:40,809 INFO [dump] process formal task. groupKey=Lock2-flow-rules+DEFAULT_GROUP+sentinel

2025-02-26 11:19:40,811 INFO [dump] md5 changed, save to disk cache ,groupKey=Lock2-flow-rules+DEFAULT_GROUP+sentinel, newMd5=2dfa054bf4f7e1f558063a57eca9609c,oldMd5=14b2d05be1267d48346a7bff2f1d62d1

2025-02-26 11:19:40,812 INFO [dump] md5 changed, update md5 and timestamp in jvm cache ,groupKey=Lock2-flow-rules+DEFAULT_GROUP+sentinel, newMd5=2dfa054bf4f7e1f558063a57eca9609c,oldMd5=14b2d05be1267d48346a7bff2f1d62d1,lastModifiedTs=1740539981000

2025-02-26 11:19:43,876 INFO [dump] add formal task. groupKey=Lock2-flow-rules+DEFAULT_GROUP+sentinel

2025-02-26 11:19:43,932 INFO [dump] process formal task. groupKey=Lock2-flow-rules+DEFAULT_GROUP+sentinel

2025-02-26 11:19:43,933 INFO [dump] md5 changed, save to disk cache ,groupKey=Lock2-flow-rules+DEFAULT_GROUP+sentinel, newMd5=0b173fe7c9eb7294a662b10f597a779b,oldMd5=2dfa054bf4f7e1f558063a57eca9609c

2025-02-26 11:19:43,934 INFO [dump] md5 changed, update md5 and timestamp in jvm cache ,groupKey=Lock2-flow-rules+DEFAULT_GROUP+sentinel, newMd5=0b173fe7c9eb7294a662b10f597a779b,oldMd5=2dfa054bf4f7e1f558063a57eca9609c,lastModifiedTs=1740539984000

2025-02-26 11:19:49,029 INFO [dump] add formal task. groupKey=Lock2-flow-rules+DEFAULT_GROUP+sentinel

2025-02-26 11:19:49,108 INFO [dump] process formal task. groupKey=Lock2-flow-rules+DEFAULT_GROUP+sentinel

2025-02-26 11:19:49,110 WARN [dump-ignore] ignore to save to disk cache. md5 consistent,groupKey=Lock2-flow-rules+DEFAULT_GROUP+sentinel, md5=0b173fe7c9eb7294a662b10f597a779b

2025-02-26 11:19:49,110 INFO [dump] md5 consistent ,timestamp changed, update timestamp only in jvm cache ,groupKey=Lock2-flow-rules+DEFAULT_GROUP+sentinel,lastModifiedTs=1740539989000

2025-02-26 11:21:42,536 INFO [dump] add formal task. groupKey=Lock2-flow-rules+DEFAULT_GROUP+sentinel

2025-02-26 11:21:42,610 INFO [dump] process formal task. groupKey=Lock2-flow-rules+DEFAULT_GROUP+sentinel

2025-02-26 11:21:42,612 INFO [dump] md5 changed, save to disk cache ,groupKey=Lock2-flow-rules+DEFAULT_GROUP+sentinel, newMd5=8c913556177e19e4b0df1364a296de75,oldMd5=0b173fe7c9eb7294a662b10f597a779b

2025-02-26 11:21:42,612 INFO [dump] md5 changed, update md5 and timestamp in jvm cache ,groupKey=Lock2-flow-rules+DEFAULT_GROUP+sentinel, newMd5=8c913556177e19e4b0df1364a296de75,oldMd5=0b173fe7c9eb7294a662b10f597a779b,lastModifiedTs=1740540103000

2025-02-26 11:22:18,793 INFO [dump] add formal task. groupKey=Lock2-flow-rules+DEFAULT_GROUP+sentinel

2025-02-26 11:22:18,875 INFO [dump] process formal task. groupKey=Lock2-flow-rules+DEFAULT_GROUP+sentinel

2025-02-26 11:22:18,877 INFO [dump] md5 changed, save to disk cache ,groupKey=Lock2-flow-rules+DEFAULT_GROUP+sentinel, newMd5=394592cb69215a6f9e7749bae0fa63e0,oldMd5=8c913556177e19e4b0df1364a296de75

2025-02-26 11:22:18,878 INFO [dump] md5 changed, update md5 and timestamp in jvm cache ,groupKey=Lock2-flow-rules+DEFAULT_GROUP+sentinel, newMd5=394592cb69215a6f9e7749bae0fa63e0,oldMd5=8c913556177e19e4b0df1364a296de75,lastModifiedTs=1740540139000

2025-02-26 11:22:42,622 INFO [dump] add formal task. groupKey=Lock2-flow-rules+DEFAULT_GROUP+sentinel

2025-02-26 11:22:42,638 INFO [dump] process formal task. groupKey=Lock2-flow-rules+DEFAULT_GROUP+sentinel

2025-02-26 11:22:42,640 INFO [dump] md5 changed, save to disk cache ,groupKey=Lock2-flow-rules+DEFAULT_GROUP+sentinel, newMd5=668aa092dce058ca65317623de724d21,oldMd5=394592cb69215a6f9e7749bae0fa63e0

2025-02-26 11:22:42,641 INFO [dump] md5 changed, update md5 and timestamp in jvm cache ,groupKey=Lock2-flow-rules+DEFAULT_GROUP+sentinel, newMd5=668aa092dce058ca65317623de724d21,oldMd5=394592cb69215a6f9e7749bae0fa63e0,lastModifiedTs=1740540163000

2025-02-26 11:23:20,789 INFO [dump] add formal task. groupKey=Lock2-flow-rules+DEFAULT_GROUP+sentinel

2025-02-26 11:23:20,828 INFO [dump] process formal task. groupKey=Lock2-flow-rules+DEFAULT_GROUP+sentinel

2025-02-26 11:23:20,830 INFO [dump] md5 changed, save to disk cache ,groupKey=Lock2-flow-rules+DEFAULT_GROUP+sentinel, newMd5=04ec50074d44a2fc5daebef283476bdf,oldMd5=668aa092dce058ca65317623de724d21

2025-02-26 11:23:20,831 INFO [dump] md5 changed, update md5 and timestamp in jvm cache ,groupKey=Lock2-flow-rules+DEFAULT_GROUP+sentinel, newMd5=04ec50074d44a2fc5daebef283476bdf,oldMd5=668aa092dce058ca65317623de724d21,lastModifiedTs=1740540201000

2025-02-26 11:23:47,088 INFO [dump] add formal task. groupKey=Lock2-flow-rules+DEFAULT_GROUP+sentinel

2025-02-26 11:23:47,178 INFO [dump] process formal task. groupKey=Lock2-flow-rules+DEFAULT_GROUP+sentinel

2025-02-26 11:23:47,180 INFO [dump] md5 changed, save to disk cache ,groupKey=Lock2-flow-rules+DEFAULT_GROUP+sentinel, newMd5=668aa092dce058ca65317623de724d21,oldMd5=04ec50074d44a2fc5daebef283476bdf

2025-02-26 11:23:47,181 INFO [dump] md5 changed, update md5 and timestamp in jvm cache ,groupKey=Lock2-flow-rules+DEFAULT_GROUP+sentinel, newMd5=668aa092dce058ca65317623de724d21,oldMd5=04ec50074d44a2fc5daebef283476bdf,lastModifiedTs=1740540227000

2025-02-26 11:24:06,459 INFO [dump] add formal task. groupKey=Lock2-flow-rules+DEFAULT_GROUP+sentinel

2025-02-26 11:24:06,484 INFO [dump] process formal task. groupKey=Lock2-flow-rules+DEFAULT_GROUP+sentinel

2025-02-26 11:24:06,487 INFO [dump] md5 changed, save to disk cache ,groupKey=Lock2-flow-rules+DEFAULT_GROUP+sentinel, newMd5=d7bcb22a77207af85d61ece62052913a,oldMd5=668aa092dce058ca65317623de724d21

2025-02-26 11:24:06,488 INFO [dump] md5 changed, update md5 and timestamp in jvm cache ,groupKey=Lock2-flow-rules+DEFAULT_GROUP+sentinel, newMd5=d7bcb22a77207af85d61ece62052913a,oldMd5=668aa092dce058ca65317623de724d21,lastModifiedTs=1740540246000

2025-02-26 11:31:21,769 INFO [dump] add formal task. groupKey=Lock2-param-flow-rules+DEFAULT_GROUP+sentinel

2025-02-26 11:31:21,858 INFO [dump] process formal task. groupKey=Lock2-param-flow-rules+DEFAULT_GROUP+sentinel

2025-02-26 11:31:21,860 INFO [dump] md5 changed, save to disk cache ,groupKey=Lock2-param-flow-rules+DEFAULT_GROUP+sentinel, newMd5=897ba9a50cb37a6f8672c784e0d0370b,oldMd5=0b91642ce84d29f9f7e2fe19e47c76b7

2025-02-26 11:31:21,862 INFO [dump] md5 changed, update md5 and timestamp in jvm cache ,groupKey=Lock2-param-flow-rules+DEFAULT_GROUP+sentinel, newMd5=897ba9a50cb37a6f8672c784e0d0370b,oldMd5=0b91642ce84d29f9f7e2fe19e47c76b7,lastModifiedTs=1740540682000

2025-02-26 11:31:43,878 INFO [dump] add formal task. groupKey=Lock2-param-flow-rules+DEFAULT_GROUP+sentinel

2025-02-26 11:31:43,951 INFO [dump] process formal task. groupKey=Lock2-param-flow-rules+DEFAULT_GROUP+sentinel

2025-02-26 11:31:43,952 INFO [dump] md5 changed, save to disk cache ,groupKey=Lock2-param-flow-rules+DEFAULT_GROUP+sentinel, newMd5=256ba652e7e4a1e6f863a6d4d65f491b,oldMd5=897ba9a50cb37a6f8672c784e0d0370b

2025-02-26 11:31:43,953 INFO [dump] md5 changed, update md5 and timestamp in jvm cache ,groupKey=Lock2-param-flow-rules+DEFAULT_GROUP+sentinel, newMd5=256ba652e7e4a1e6f863a6d4d65f491b,oldMd5=897ba9a50cb37a6f8672c784e0d0370b,lastModifiedTs=1740540704000

2025-02-26 11:38:05,256 INFO [dump] add formal task. groupKey=Lock2-param-flow-rules+DEFAULT_GROUP+sentinel

2025-02-26 11:38:05,336 INFO [dump] process formal task. groupKey=Lock2-param-flow-rules+DEFAULT_GROUP+sentinel

2025-02-26 11:38:05,338 INFO [dump] md5 changed, save to disk cache ,groupKey=Lock2-param-flow-rules+DEFAULT_GROUP+sentinel, newMd5=0b91642ce84d29f9f7e2fe19e47c76b7,oldMd5=256ba652e7e4a1e6f863a6d4d65f491b

2025-02-26 11:38:05,339 INFO [dump] md5 changed, update md5 and timestamp in jvm cache ,groupKey=Lock2-param-flow-rules+DEFAULT_GROUP+sentinel, newMd5=0b91642ce84d29f9f7e2fe19e47c76b7,oldMd5=256ba652e7e4a1e6f863a6d4d65f491b,lastModifiedTs=1740541085000

2025-02-26 11:38:25,296 INFO [dump] add formal task. groupKey=Lock2-param-flow-rules+DEFAULT_GROUP+sentinel

2025-02-26 11:38:25,354 INFO [dump] process formal task. groupKey=Lock2-param-flow-rules+DEFAULT_GROUP+sentinel

2025-02-26 11:38:25,355 INFO [dump] md5 changed, save to disk cache ,groupKey=Lock2-param-flow-rules+DEFAULT_GROUP+sentinel, newMd5=fdec188a274b21db948aeb084b403e75,oldMd5=0b91642ce84d29f9f7e2fe19e47c76b7

2025-02-26 11:38:25,356 INFO [dump] md5 changed, update md5 and timestamp in jvm cache ,groupKey=Lock2-param-flow-rules+DEFAULT_GROUP+sentinel, newMd5=fdec188a274b21db948aeb084b403e75,oldMd5=0b91642ce84d29f9f7e2fe19e47c76b7,lastModifiedTs=1740541105000

