2025-02-26 10:14:12,429 INFO Not configure type of control plugin, no limit control for current node.

2025-02-26 10:14:12,430 INFO Load connection metrics collector,size=2,[com.alibaba.nacos.config.server.service.LongPollingConnectionMetricsCollector@30b131b2, com.alibaba.nacos.core.remote.LongConnectionMetricsCollector@524a076e]

2025-02-26 10:14:12,430 INFO No connection rule content found ,use default empty rule 

2025-02-26 10:14:12,435 INFO No tps control rule of CONFIG_PUSH_COUNT found,content =null  

2025-02-26 10:14:12,435 WARN Tps point for CONFIG_PUSH_COUNT registered, But tps control manager is no limit implementation.

2025-02-26 10:14:12,435 INFO No tps control rule of CONFIG_PUSH_SUCCESS found,content =null  

2025-02-26 10:14:12,435 WARN Tps point for CONFIG_PUSH_SUCCESS registered, But tps control manager is no limit implementation.

2025-02-26 10:14:12,435 INFO No tps control rule of CONFIG_PUSH_FAIL found,content =null  

2025-02-26 10:14:12,435 WARN Tps point for CONFIG_PUSH_FAIL registered, But tps control manager is no limit implementation.

2025-02-26 10:14:14,820 INFO No tps control rule of ConfigQuery found,content =null  

2025-02-26 10:14:14,820 WARN Tps point for ConfigQuery registered, But tps control manager is no limit implementation.

2025-02-26 10:14:14,820 INFO No tps control rule of ClusterConfigChangeNotify found,content =null  

2025-02-26 10:14:14,820 WARN Tps point for ClusterConfigChangeNotify registered, But tps control manager is no limit implementation.

2025-02-26 10:14:14,824 INFO No tps control rule of ConfigListen found,content =null  

2025-02-26 10:14:14,824 WARN Tps point for ConfigListen registered, But tps control manager is no limit implementation.

2025-02-26 10:14:14,824 INFO No tps control rule of ConfigRemove found,content =null  

2025-02-26 10:14:14,824 WARN Tps point for ConfigRemove registered, But tps control manager is no limit implementation.

2025-02-26 10:14:14,824 INFO No tps control rule of ConfigPublish found,content =null  

2025-02-26 10:14:14,824 WARN Tps point for ConfigPublish registered, But tps control manager is no limit implementation.

2025-02-26 10:14:14,824 INFO No tps control rule of HealthCheck found,content =null  

2025-02-26 10:14:14,824 WARN Tps point for HealthCheck registered, But tps control manager is no limit implementation.

2025-02-26 10:14:14,824 INFO No tps control rule of RemoteNamingServiceQuery found,content =null  

2025-02-26 10:14:14,824 WARN Tps point for RemoteNamingServiceQuery registered, But tps control manager is no limit implementation.

2025-02-26 10:14:14,824 INFO No tps control rule of RemoteNamingInstanceBatchRegister found,content =null  

2025-02-26 10:14:14,824 WARN Tps point for RemoteNamingInstanceBatchRegister registered, But tps control manager is no limit implementation.

2025-02-26 10:14:14,824 INFO No tps control rule of RemoteNamingInstanceRegisterDeregister found,content =null  

2025-02-26 10:14:14,824 WARN Tps point for RemoteNamingInstanceRegisterDeregister registered, But tps control manager is no limit implementation.

2025-02-26 10:14:14,824 INFO No tps control rule of RemoteNamingServiceListQuery found,content =null  

2025-02-26 10:14:14,824 WARN Tps point for RemoteNamingServiceListQuery registered, But tps control manager is no limit implementation.

2025-02-26 10:14:14,824 INFO No tps control rule of RemoteNamingServiceSubscribeUnSubscribe found,content =null  

2025-02-26 10:14:14,824 WARN Tps point for RemoteNamingServiceSubscribeUnSubscribe registered, But tps control manager is no limit implementation.

2025-02-26 10:14:14,824 WARN Tps point for RemoteNamingInstanceRegisterDeregister registered, But tps control manager is no limit implementation.

2025-02-26 10:14:14,825 INFO No tps control rule of NamingInstanceMetadataUpdate found,content =null  

2025-02-26 10:14:14,825 WARN Tps point for NamingInstanceMetadataUpdate registered, But tps control manager is no limit implementation.

2025-02-26 10:14:14,825 INFO No tps control rule of NamingServiceQuery found,content =null  

2025-02-26 10:14:14,825 WARN Tps point for NamingServiceQuery registered, But tps control manager is no limit implementation.

2025-02-26 10:14:14,825 INFO No tps control rule of NamingInstanceRegister found,content =null  

2025-02-26 10:14:14,825 WARN Tps point for NamingInstanceRegister registered, But tps control manager is no limit implementation.

2025-02-26 10:14:14,825 INFO No tps control rule of NamingInstanceQuery found,content =null  

2025-02-26 10:14:14,825 WARN Tps point for NamingInstanceQuery registered, But tps control manager is no limit implementation.

2025-02-26 10:14:14,825 INFO No tps control rule of NamingServiceDeregister found,content =null  

2025-02-26 10:14:14,825 WARN Tps point for NamingServiceDeregister registered, But tps control manager is no limit implementation.

2025-02-26 10:14:14,825 INFO No tps control rule of NamingServiceListQuery found,content =null  

2025-02-26 10:14:14,825 WARN Tps point for NamingServiceListQuery registered, But tps control manager is no limit implementation.

2025-02-26 10:14:14,825 WARN Tps point for NamingInstanceRegister registered, But tps control manager is no limit implementation.

2025-02-26 10:14:14,825 WARN Tps point for NamingInstanceMetadataUpdate registered, But tps control manager is no limit implementation.

2025-02-26 10:14:14,825 INFO No tps control rule of NamingServiceRegister found,content =null  

2025-02-26 10:14:14,825 WARN Tps point for NamingServiceRegister registered, But tps control manager is no limit implementation.

2025-02-26 10:14:14,825 WARN Tps point for NamingInstanceQuery registered, But tps control manager is no limit implementation.

2025-02-26 10:14:14,825 INFO No tps control rule of NamingServiceSubscribe found,content =null  

2025-02-26 10:14:14,825 WARN Tps point for NamingServiceSubscribe registered, But tps control manager is no limit implementation.

2025-02-26 10:14:14,825 WARN Tps point for NamingServiceQuery registered, But tps control manager is no limit implementation.

2025-02-26 10:14:14,825 INFO No tps control rule of NamingInstanceDeregister found,content =null  

2025-02-26 10:14:14,825 WARN Tps point for NamingInstanceDeregister registered, But tps control manager is no limit implementation.

2025-02-26 10:14:14,825 WARN Tps point for NamingInstanceMetadataUpdate registered, But tps control manager is no limit implementation.

2025-02-26 10:14:14,825 WARN Tps point for NamingServiceSubscribe registered, But tps control manager is no limit implementation.

2025-02-26 10:14:14,825 WARN Tps point for NamingServiceListQuery registered, But tps control manager is no limit implementation.

2025-02-26 10:14:14,825 WARN Tps point for NamingInstanceMetadataUpdate registered, But tps control manager is no limit implementation.

2025-02-26 10:14:14,825 INFO No tps control rule of NamingServiceUpdate found,content =null  

2025-02-26 10:14:14,825 WARN Tps point for NamingServiceUpdate registered, But tps control manager is no limit implementation.

2025-02-26 10:14:14,825 WARN Tps point for ConfigPublish registered, But tps control manager is no limit implementation.

2025-02-26 10:14:14,825 INFO No tps control rule of NamingInstanceUpdate found,content =null  

2025-02-26 10:14:14,825 WARN Tps point for NamingInstanceUpdate registered, But tps control manager is no limit implementation.

2025-02-26 10:14:14,825 WARN Tps point for ConfigQuery registered, But tps control manager is no limit implementation.

2025-02-26 10:14:14,825 WARN Tps point for NamingInstanceDeregister registered, But tps control manager is no limit implementation.

2025-02-26 10:14:14,825 WARN Tps point for NamingServiceDeregister registered, But tps control manager is no limit implementation.

2025-02-26 10:14:14,825 INFO No tps control rule of HttpHealthCheck found,content =null  

2025-02-26 10:14:14,825 WARN Tps point for HttpHealthCheck registered, But tps control manager is no limit implementation.

2025-02-26 10:14:14,825 WARN Tps point for HttpHealthCheck registered, But tps control manager is no limit implementation.

2025-02-26 10:14:14,825 WARN Tps point for NamingServiceUpdate registered, But tps control manager is no limit implementation.

2025-02-26 10:14:14,825 WARN Tps point for NamingInstanceUpdate registered, But tps control manager is no limit implementation.

2025-02-26 10:14:14,825 WARN Tps point for NamingServiceRegister registered, But tps control manager is no limit implementation.

