2025-02-26 10:14:11,959 INFO [ClientConnectionEventListenerRegistry] registry listener - ConnectionBasedClientManager

2025-02-26 10:14:13,520 INFO [ClientConnectionEventListenerRegistry] registry listener - ConfigConnectionEventListener

2025-02-26 10:14:13,537 INFO Nacos GrpcSdkServer Rpc server starting at port 9848

2025-02-26 10:14:13,605 INFO Load ProtocolNegotiatorBuilder com.alibaba.nacos.core.remote.grpc.negotiator.tls.SdkDefaultTlsProtocolNegotiatorBuilder for type DEFAULT_TLS

2025-02-26 10:14:13,605 INFO Load ProtocolNegotiatorBuilder com.alibaba.nacos.core.remote.grpc.negotiator.tls.ClusterDefaultTlsProtocolNegotiatorBuilder for type CLUSTER_DEFAULT_TLS

2025-02-26 10:14:13,605 WARN Not found ProtocolNegotiatorBuilder for type nacos.remote.server.rpc.protocol.negotiator.type, will use default type nacos.remote.server.rpc.protocol.negotiator.type

2025-02-26 10:14:13,606 WARN Recommended use 'nacos.remote.server.grpc.sdk.max-inbound-message-size' property instead 'nacos.remote.server.grpc.maxinbound.message.size', now property value is 10485760

2025-02-26 10:14:13,667 INFO Ssl Context auto refresh is not supported.

2025-02-26 10:14:13,667 INFO Ssl Context auto refresh is not supported.

2025-02-26 10:14:13,667 INFO RpcServerSslContextRefresher initialization completed.

2025-02-26 10:14:13,667 INFO Nacos GrpcSdkServer Rpc server started at port 9848

2025-02-26 10:14:13,669 INFO Nacos GrpcClusterServer Rpc server starting at port 9849

2025-02-26 10:14:13,669 WARN Not found ProtocolNegotiatorBuilder for type nacos.remote.cluster.server.rpc.protocol.negotiator.type, will use default type nacos.remote.cluster.server.rpc.protocol.negotiator.type

2025-02-26 10:14:13,669 WARN Recommended use 'nacos.remote.server.grpc.cluster.max-inbound-message-size' property instead 'nacos.remote.server.grpc.maxinbound.message.size', now property value is 10485760

2025-02-26 10:14:13,670 INFO Nacos GrpcClusterServer Rpc server started at port 9849

2025-02-26 10:14:13,680 INFO [ClientConnectionEventListenerRegistry] registry listener - RpcAckCallbackInitorOrCleaner

2025-02-26 11:43:01,770 INFO Nacos GrpcSdkServer Rpc server stopping

2025-02-26 11:43:01,771 INFO Nacos GrpcClusterServer Rpc server stopping

2025-02-26 11:43:01,777 INFO Nacos GrpcSdkServer Rpc server stopped successfully...

2025-02-26 11:43:01,777 INFO Nacos GrpcClusterServer Rpc server stopped successfully...

