/Users/wangwanli/Library/Java/JavaVirtualMachines/openjdk-23.0.2/Contents/Home/bin/java    -Xms512m -Xmx512m -Xmn256m -Dnacos.standalone=true -Dnacos.member.list= -Xlog:gc*:file=/Users/wangwanli/nacos/logs/nacos_gc.log:time,tags:filecount=10,filesize=100m -Dloader.path=/Users/wangwanli/nacos/plugins,/Users/wangwanli/nacos/plugins/health,/Users/wangwanli/nacos/plugins/cmdb,/Users/wangwanli/nacos/plugins/selector -Dnacos.home=/Users/wangwanli/nacos -jar /Users/wangwanli/nacos/target/nacos-server.jar  --spring.config.additional-location=file:/Users/wangwanli/nacos/conf/ --logging.config=/Users/wangwanli/nacos/conf/nacos-logback.xml --server.max-http-header-size=524288

         ,--.
       ,--.'|
   ,--,:  : |                                           Nacos 2.5.0
,`--.'`|  ' :                       ,---.               Running in stand alone mode, All function modules
|   :  :  | |                      '   ,'\   .--.--.    Port: 8848
:   |   \ | :  ,--.--.     ,---.  /   /   | /  /    '   Pid: 1998
|   : '  '; | /       \   /     \.   ; ,. :|  :  /`./   Console: http://192.168.5.7:8848/nacos/index.html
'   ' ;.    ;.--.  .-. | /    / ''   | |: :|  :  ;_
|   | | \   | \__\/: . ..    ' / '   | .; : \  \    `.      https://nacos.io
'   : |  ; .' ," .--.; |'   ; :__|   :    |  `----.   \
|   | '`--'  /  /  ,.  |'   | '.'|\   \  /  /  /`--'  /
'   : |     ;  :   .'   \   :    : `----'  '--'.     /
;   |.'     |  ,     .-./\   \  /            `--'---'
'---'        `--`---'     `----'

2025-02-26 10:14:11,666 INFO Tomcat initialized with port(s): 8848 (http)

2025-02-26 10:14:11,823 INFO Root WebApplicationContext: initialization completed in 1304 ms

2025-02-26 10:14:14,542 INFO Will secure any request with [org.springframework.security.web.session.DisableEncodeUrlFilter@49fb0bbd, org.springframework.security.web.context.request.async.WebAsyncManagerIntegrationFilter@5489b1f7, org.springframework.security.web.context.SecurityContextPersistenceFilter@2b4d4327, org.springframework.security.web.header.HeaderWriterFilter@daf22f0, org.springframework.security.web.csrf.CsrfFilter@158e9f6e, org.springframework.security.web.authentication.logout.LogoutFilter@49ca94a9, org.springframework.security.web.savedrequest.RequestCacheAwareFilter@671ea6ff, org.springframework.security.web.servletapi.SecurityContextHolderAwareRequestFilter@1c52552f, org.springframework.security.web.authentication.AnonymousAuthenticationFilter@4faf104, org.springframework.security.web.session.SessionManagementFilter@4b1ec694, org.springframework.security.web.access.ExceptionTranslationFilter@7a6ea47d]

2025-02-26 10:14:14,650 INFO Adding welcome page: class path resource [static/index.html]

2025-02-26 10:14:14,781 INFO Exposing 1 endpoint(s) beneath base path '/actuator'

2025-02-26 10:14:14,788 WARN You are asking Spring Security to ignore Ant [pattern='/**']. This is not recommended -- please use permitAll via HttpSecurity#authorizeHttpRequests instead.

2025-02-26 10:14:14,788 INFO Will not secure Ant [pattern='/**']

2025-02-26 10:14:14,788 WARN You are asking Spring Security to ignore Mvc [pattern='/prometheus']. This is not recommended -- please use permitAll via HttpSecurity#authorizeHttpRequests instead.

2025-02-26 10:14:14,788 INFO Will not secure Mvc [pattern='/prometheus']

2025-02-26 10:14:14,788 WARN You are asking Spring Security to ignore Mvc [pattern='/prometheus/namespaceId/{namespaceId}']. This is not recommended -- please use permitAll via HttpSecurity#authorizeHttpRequests instead.

2025-02-26 10:14:14,788 INFO Will not secure Mvc [pattern='/prometheus/namespaceId/{namespaceId}']

2025-02-26 10:14:14,788 WARN You are asking Spring Security to ignore Mvc [pattern='/prometheus/namespaceId/{namespaceId}/service/{service}']. This is not recommended -- please use permitAll via HttpSecurity#authorizeHttpRequests instead.

2025-02-26 10:14:14,788 INFO Will not secure Mvc [pattern='/prometheus/namespaceId/{namespaceId}/service/{service}']

2025-02-26 10:14:14,812 INFO Tomcat started on port(s): 8848 (http) with context path '/nacos'

2025-02-26 10:14:14,817 INFO No TaskScheduler/ScheduledExecutorService bean found for scheduled processing

2025-02-26 10:14:14,826 INFO Nacos started successfully in stand alone mode. use external storage

2025-02-26 10:15:41,813 INFO Initializing Servlet 'dispatcherServlet'

2025-02-26 10:15:41,814 INFO Completed initialization in 1 ms

2025-02-26 11:43:01,770 INFO [NotifyCenter] Start destroying Publisher

2025-02-26 11:43:01,770 WARN [WatchFileCenter] start close

2025-02-26 11:43:01,771 INFO [ThreadPoolManager] Start destroying ThreadPool

2025-02-26 11:43:01,771 INFO [NotifyCenter] Completed destruction of Publisher

2025-02-26 11:43:01,771 WARN [WatchFileCenter] start to shutdown this watcher which is watch : /Users/wangwanli/nacos/conf

2025-02-26 11:43:01,772 WARN [WatchFileCenter] already closed

